TN:
SF:/Users/krasimir/Work/Krasimir/hocbox/src/feed.jsx
FN:4,feed
FN:9,(anonymous_6)
FN:10,FeedComponent
FN:14,_listener
FN:9,render
FN:20,set
FNF:6
FNH:6
FNDA:4,feed
FNDA:4,(anonymous_6)
FNDA:4,FeedComponent
FNDA:2,_listener
FNDA:6,render
FNDA:3,set
DA:2,1
DA:6,4
DA:8,4
DA:9,12
DA:10,12
DA:13,4
DA:14,4
DA:17,6
DA:21,3
DA:22,3
LF:10
LH:10
BRDA:22,0,0,2
BRDA:22,0,1,1
BRF:2
BRH:2
end_of_record
TN:
SF:/Users/krasimir/Work/Krasimir/hocbox/src/index.js
FNF:0
FNH:0
DA:1,1
DA:2,1
LF:2
LH:2
BRF:0
BRH:0
end_of_record
TN:
SF:/Users/krasimir/Work/Krasimir/hocbox/src/waitFor.jsx
FN:4,waitFor
FN:10,(anonymous_6)
FN:11,FeedComponent
FN:15,_listener
FN:10,render
FN:21,done
FNF:6
FNH:6
FNDA:2,waitFor
FNDA:2,(anonymous_6)
FNDA:2,FeedComponent
FNDA:1,_listener
FNDA:3,render
FNDA:1,done
DA:2,1
DA:6,2
DA:7,2
DA:9,2
DA:10,6
DA:11,6
DA:14,2
DA:15,2
DA:18,3
DA:22,1
DA:23,1
DA:24,1
LF:12
LH:12
BRDA:18,0,0,1
BRDA:18,0,1,2
BRDA:24,1,0,1
BRDA:24,1,1,0
BRF:4
BRH:3
end_of_record
