TN:
SF:/Users/krasimir/Work/Krasimir/hocbox/src/di.js
FN:5,dependenciesToProps
FN:6,(anonymous_6)
FN:13,registerDependenciesToPropsCallback
FN:19,clear
FN:23,invalidate
FN:26,(anonymous_10)
FN:29,register
FN:31,(anonymous_12)
FN:34,wire
FN:38,(anonymous_14)
FN:40,(anonymous_15)
FN:41,DIComponent
FN:45,_listener
FN:40,render
FNF:14
FNH:14
FNDA:4,dependenciesToProps
FNDA:4,(anonymous_6)
FNDA:3,registerDependenciesToPropsCallback
FNDA:2,clear
FNDA:1,invalidate
FNDA:1,(anonymous_10)
FNDA:3,register
FNDA:3,(anonymous_12)
FNDA:3,wire
FNDA:1,(anonymous_14)
FNDA:3,(anonymous_15)
FNDA:3,DIComponent
FNDA:1,_listener
FNDA:4,render
DA:1,1
DA:3,1
DA:6,4
DA:7,4
DA:8,0
DA:11,4
DA:14,3
DA:15,3
DA:16,3
DA:20,2
DA:23,1
DA:24,1
DA:25,1
DA:26,1
DA:29,3
DA:30,3
DA:31,3
DA:34,3
DA:35,3
DA:38,3
DA:40,12
DA:41,9
DA:44,3
DA:45,3
DA:48,4
LF:25
LH:24
BRDA:7,0,0,4
BRDA:7,0,1,0
BRDA:14,1,0,0
BRDA:14,1,1,3
BRDA:15,2,0,3
BRDA:15,2,1,0
BRDA:23,3,0,0
BRDA:23,3,1,1
BRDA:23,4,0,1
BRDA:23,4,1,0
BRDA:24,5,0,0
BRDA:24,5,1,1
BRDA:25,6,0,0
BRDA:25,6,1,1
BRDA:29,7,0,1
BRDA:29,7,1,2
BRDA:29,8,0,3
BRDA:29,8,1,1
BRDA:30,9,0,3
BRDA:30,9,1,0
BRDA:34,10,0,1
BRDA:34,10,1,2
BRDA:34,11,0,3
BRDA:34,11,1,1
BRDA:38,12,0,1
BRDA:38,12,1,1
BRF:26
BRH:18
end_of_record
TN:
SF:/Users/krasimir/Work/Krasimir/hocbox/src/feed.js
FN:4,feed
FN:8,(anonymous_6)
FN:8,feed
FN:11,(anonymous_8)
FN:13,FeedComponent
FN:19,(anonymous_10)
FN:21,(anonymous_11)
FN:8,render
FNF:8
FNH:8
FNDA:5,feed
FNDA:5,(anonymous_6)
FNDA:4,feed
FNDA:4,(anonymous_8)
FNDA:6,FeedComponent
FNDA:2,(anonymous_10)
FNDA:2,(anonymous_11)
FNDA:10,render
DA:2,1
DA:5,5
DA:6,5
DA:8,25
DA:10,4
DA:11,4
DA:13,18
DA:16,6
DA:18,6
DA:19,2
DA:21,4
DA:25,10
LF:12
LH:12
BRDA:11,0,0,3
BRDA:11,0,1,1
BRDA:18,1,0,2
BRDA:18,1,1,4
BRF:4
BRH:4
end_of_record
TN:
SF:/Users/krasimir/Work/Krasimir/hocbox/src/index.js
FNF:0
FNH:0
DA:1,1
DA:2,1
DA:3,1
LF:3
LH:3
BRF:0
BRH:0
end_of_record
TN:
SF:/Users/krasimir/Work/Krasimir/hocbox/src/signal.js
FN:7,getLog
FN:11,clearLog
FN:15,dispatch
FN:22,(anonymous_8)
FN:27,subscribe
FN:33,unsubscribe
FN:35,(anonymous_11)
FN:43,signal
FN:44,(anonymous_13)
FN:45,SignalComponent
FN:48,(anonymous_15)
FN:51,(anonymous_16)
FN:52,(anonymous_17)
FN:53,(anonymous_18)
FN:56,(anonymous_19)
FN:61,(anonymous_20)
FN:66,(anonymous_21)
FN:44,render
FNF:18
FNH:18
FNDA:1,getLog
FNDA:5,clearLog
FNDA:13,dispatch
FNDA:15,(anonymous_8)
FNDA:10,subscribe
FNDA:4,unsubscribe
FNDA:3,(anonymous_11)
FNDA:8,signal
FNDA:8,(anonymous_13)
FNDA:8,SignalComponent
FNDA:7,(anonymous_15)
FNDA:10,(anonymous_16)
FNDA:10,(anonymous_17)
FNDA:15,(anonymous_18)
FNDA:4,(anonymous_19)
FNDA:3,(anonymous_20)
FNDA:10,(anonymous_21)
FNDA:23,render
DA:1,1
DA:3,1
DA:4,1
DA:5,1
DA:8,1
DA:12,5
DA:16,13
DA:21,13
DA:22,11
DA:23,15
DA:28,10
DA:29,10
DA:30,10
DA:34,4
DA:35,1
DA:36,3
DA:39,3
DA:44,32
DA:45,24
DA:47,8
DA:48,8
DA:49,7
DA:51,10
DA:52,10
DA:53,15
DA:56,8
DA:57,4
DA:58,1
DA:59,1
DA:61,3
DA:62,3
DA:66,8
DA:67,10
DA:71,23
LF:34
LH:34
BRDA:21,0,0,11
BRDA:21,0,1,2
BRDA:28,1,0,5
BRDA:28,1,1,5
BRDA:29,2,0,10
BRDA:29,2,1,0
BRDA:34,3,0,1
BRDA:34,3,1,3
BRDA:36,4,0,2
BRDA:36,4,1,1
BRDA:39,5,0,1
BRDA:39,5,1,2
BRDA:47,6,0,8
BRDA:47,6,1,5
BRDA:57,7,0,1
BRDA:57,7,1,3
BRDA:67,8,0,10
BRDA:67,8,1,0
BRF:18
BRH:16
end_of_record
